ΓÇó turbo 2.8.7
ΓÇó Packages in scope: builder
ΓÇó Running dev in 1 packages
ΓÇó Remote caching disabled
@typebot.io/prisma:db:push: cache bypass, force executing a63aa23447855098
@typebot.io/prisma:db:push: $ dotenv -e ./.env -e ../../.env -- tsx scripts/db-push.ts
@typebot.io/prisma:db:generate: cache bypass, force executing 22621b41b2dabe3b
@typebot.io/prisma:db:generate: $ dotenv -e ./.env -e ../../.env -- tsx scripts/db-generate.ts
@typebot.io/env:build: cache hit, suppressing logs dcce0f05a4a4297b
@typebot.io/prisma:db:push: Executing for PostgreSQL schema
@typebot.io/prisma:db:generate: Executing for PostgreSQL schema
@typebot.io/prisma:db:push: Loaded Prisma config from prisma.config.ts.
@typebot.io/prisma:db:push: 
@typebot.io/prisma:db:push: Prisma schema loaded from postgresql\schema.prisma.
@typebot.io/prisma:db:push: 
@typebot.io/prisma:db:push: Datasource "db": PostgreSQL database "typebot", schema "public" at "127.0.0.1:5433"
@typebot.io/prisma:db:push: 
@typebot.io/prisma:db:push: The database is already in sync with the Prisma schema.
@typebot.io/prisma:db:push: 
@typebot.io/prisma:db:push: 
@typebot.io/prisma:db:generate: Loaded Prisma config from prisma.config.ts.
@typebot.io/prisma:db:generate: 
@typebot.io/prisma:db:generate: Prisma schema loaded from postgresql\schema.prisma.
@typebot.io/prisma:db:generate: 
@typebot.io/prisma:db:generate: 
@typebot.io/prisma:db:generate: Γ£ö Generated Prisma Client (v7.4.0) to .\..\..\node_modules\@prisma\client in 529ms
@typebot.io/prisma:db:generate: 
@typebot.io/prisma:db:generate: Γ£ö Generated Prisma Effect Generator to .\.effect\index.ts in 81ms
@typebot.io/prisma:db:generate: 
@typebot.io/prisma:db:generate: 
@typebot.io/js:build: cache hit, suppressing logs d6674fa3f07db312
@typebot.io/react:build: cache hit, suppressing logs 4b3a0d7dab332fe5
builder:dev: cache bypass, force executing c795bf4be9ae8506
builder:dev: $ dotenv -e ./.env -e ../../.env -- next dev -p 3000
builder:dev: - event [next-runtime-env] read environment variables prefixed with 'NEXT_PUBLIC_' from process.env.
builder:dev: - ready [next-runtime-env] wrote browser runtime environment variables to 'C:\Users\anish\OneDrive\Desktop\New folder\typebot.io\apps\builder/public/__ENV.js'.
builder:dev:  ΓÜá i18n configuration in next.config.mjs is unsupported in App Router.
builder:dev: Learn more about internationalization in App Router: https://nextjs.org/docs/app/building-your-application/routing/internationalization
builder:dev: - event [next-runtime-env] read environment variables prefixed with 'NEXT_PUBLIC_' from process.env.
builder:dev: - ready [next-runtime-env] wrote browser runtime environment variables to 'C:\Users\anish\OneDrive\Desktop\New folder\typebot.io\apps\builder/public/__ENV.js'.
builder:dev:    Γû▓ Next.js 15.5.9
builder:dev:    - Local:        http://localhost:3000
builder:dev:    - Network:      http://192.168.217.231:3000
builder:dev: 
builder:dev:  Γ£ô Starting...
builder:dev:  Γùï Compiling /instrumentation ...
builder:dev:  Γ£ô Compiled /instrumentation in 12.6s (1586 modules)
builder:dev:  Γ£ô Ready in 19.9s
builder:dev:  Γùï Compiling /middleware ...
builder:dev:  Γ£ô Compiled /middleware in 1966ms (554 modules)
builder:dev:  Γùï Compiling /signin ...
builder:dev:  Γ£ô Compiled /signin in 50.8s (3698 modules)
builder:dev:  GET /signin 200 in 69512ms
builder:dev:  Γùï Compiling /api/auth/[...nextauth] ...
builder:dev:  Γ£ô Compiled /signin in 59s (6525 modules)
builder:dev:  GET /api/auth/session 200 in 77131ms
builder:dev:  GET /api/auth/providers 200 in 77126ms
builder:dev:  GET /api/auth/session 200 in 52312ms
builder:dev:  GET /api/auth/session 200 in 285ms
builder:dev:  GET /api/auth/providers 200 in 283ms
builder:dev:  GET /api/auth/session 200 in 240ms
